SF:lib\model\workout.dart
DA:7,2
LF:1
LH:1
end_of_record
SF:lib\recentperformance.dart
DA:6,2
DA:8,2
DA:9,1
DA:10,2
DA:11,2
DA:12,1
DA:13,1
DA:15,1
DA:16,2
DA:17,1
LF:10
LH:10
end_of_record
SF:lib\workoutprovider.dart
DA:8,4
DA:10,2
DA:11,4
DA:13,2
LF:4
LH:4
end_of_record
SF:lib\model\exercise.dart
DA:5,2
LF:1
LH:1
end_of_record
SF:lib\model\exercise_result.dart
DA:5,1
LF:1
LH:1
end_of_record
SF:lib\model\workoutplan.dart
DA:7,1
DA:9,1
DA:10,1
DA:12,1
DA:13,1
DA:14,1
DA:15,1
DA:16,1
DA:17,1
DA:18,1
DA:19,1
LF:11
LH:11
end_of_record
SF:lib\main.dart
DA:11,0
DA:12,0
DA:13,0
DA:14,0
DA:20,1
DA:23,1
DA:25,1
DA:28,1
DA:29,1
DA:32,2
DA:33,1
DA:34,1
DA:35,2
LF:13
LH:9
end_of_record
SF:lib\workouthistorypage.dart
DA:13,2
DA:15,2
DA:17,1
DA:18,2
DA:19,1
DA:20,2
DA:21,1
DA:22,2
DA:23,2
DA:24,1
DA:25,1
DA:26,5
DA:27,4
DA:28,0
DA:29,0
DA:31,0
DA:32,0
DA:39,1
DA:40,0
DA:41,0
DA:43,0
DA:44,0
DA:47,0
DA:48,0
DA:50,0
DA:51,0
DA:52,0
DA:53,0
DA:54,0
DA:55,0
DA:57,0
DA:60,1
LF:32
LH:15
end_of_record
SF:lib\workoutrecordingpage.dart
DA:13,1
DA:14,1
DA:25,1
DA:27,1
DA:28,1
DA:31,1
DA:33,1
DA:34,2
DA:35,1
DA:36,4
DA:37,1
DA:38,2
DA:39,1
DA:41,1
DA:43,1
DA:44,1
DA:45,1
DA:50,1
DA:52,2
DA:53,1
DA:54,1
DA:55,1
DA:56,1
DA:58,1
DA:59,1
DA:60,1
DA:62,1
DA:63,1
DA:67,1
DA:68,3
DA:76,2
DA:77,1
DA:78,1
DA:79,1
DA:80,1
DA:81,0
DA:82,0
DA:83,0
DA:84,0
DA:85,0
DA:87,0
DA:88,0
DA:89,0
DA:94,3
DA:97,1
DA:99,1
DA:100,3
DA:101,1
DA:108,2
DA:109,1
DA:110,1
DA:111,1
DA:112,1
DA:113,1
DA:114,2
DA:115,1
DA:116,1
DA:119,2
DA:120,0
DA:121,0
DA:122,0
DA:123,0
DA:127,5
DA:135,0
DA:138,1
DA:139,3
DA:140,4
DA:141,4
DA:142,1
DA:145,0
DA:146,0
DA:147,0
DA:148,0
DA:149,0
DA:151,0
DA:153,0
DA:154,0
DA:158,0
DA:159,0
LF:79
LH:56
end_of_record
SF:lib\workoutdetailspage.dart
DA:6,1
DA:8,1
DA:10,1
DA:11,2
DA:12,1
DA:13,3
DA:14,1
DA:15,3
DA:16,2
DA:17,2
DA:18,3
DA:19,1
DA:20,4
DA:24,2
DA:25,4
DA:26,3
DA:27,1
DA:29,1
LF:18
LH:18
end_of_record
